<?xml version="1.0" encoding="UTF-8"?>
<testsuites>
  <testsuite name="C:\www\laravel-storyblok-cli\tests" tests="1" assertions="3" errors="0" warnings="0" failures="0" skipped="0" time="0.104014">
    <testsuite name="Riclep\StoryblokCli\Tests\TestCase" file="C:\www\laravel-storyblok-cli\tests\TestCase.php" tests="1" assertions="3" errors="0" warnings="0" failures="0" skipped="0" time="0.104014">
      <testcase name="can_set_component_group" class="Riclep\StoryblokCli\Tests\TestCase" classname="Riclep.StoryblokCli.Tests.TestCase" file="C:\www\laravel-storyblok-cli\tests\TestCase.php" line="97" assertions="3" time="0.104014"/>
    </testsuite>
  </testsuite>
</testsuites>
